# JRE version: OpenJDK Runtime Environment (8.0_242-b01) (build 1.8.0_242-release-1644-b01)
# Java VM: OpenJDK 64-Bit Server VM (25.242-b01 mixed mode windows-amd64 compressed oops)
Heap:
 PSYoungGen      total 276480K, used 123992K [0x00000000e0000000, 0x00000000f2600000, 0x0000000100000000)
  eden space 256000K, 42% used [0x00000000e0000000,0x00000000e6ad6038,0x00000000efa00000)
  from space 20480K, 71% used [0x00000000f1200000,0x00000000f20400b8,0x00000000f2600000)
  to   space 22528K, 0% used [0x00000000efa00000,0x00000000efa00000,0x00000000f1000000)
 ParOldGen       total 119808K, used 49533K [0x00000000a0000000, 0x00000000a7500000, 0x00000000e0000000)
  object space 119808K, 41% used [0x00000000a0000000,0x00000000a305f418,0x00000000a7500000)
 Metaspace       used 77808K, capacity 81180K, committed 81432K, reserved 1120256K
  class space    used 10585K, capacity 11248K, committed 11312K, reserved 1048576K
GC Heap History (10 events):
Event: 7.396 GC heap before
{Heap before GC invocations=13 (full 2):
 PSYoungGen      total 176128K, used 175833K [0x00000000e0000000, 0x00000000ec480000, 0x0000000100000000)
  eden space 166912K, 100% used [0x00000000e0000000,0x00000000ea300000,0x00000000ea300000)
  from space 9216K, 96% used [0x00000000ebb80000,0x00000000ec436410,0x00000000ec480000)
  to   space 13312K, 0% used [0x00000000eaa80000,0x00000000eaa80000,0x00000000eb780000)
 ParOldGen       total 75264K, used 17736K [0x00000000a0000000, 0x00000000a4980000, 0x00000000e0000000)
  object space 75264K, 23% used [0x00000000a0000000,0x00000000a1152140,0x00000000a4980000)
 Metaspace       used 52755K, capacity 54850K, committed 55208K, reserved 1097728K
  class space    used 7025K, capacity 7495K, committed 7600K, reserved 1048576K
Event: 7.417 GC heap after
Heap after GC invocations=13 (full 2):
 PSYoungGen      total 187904K, used 13292K [0x00000000e0000000, 0x00000000ef880000, 0x0000000100000000)
  eden space 174592K, 0% used [0x00000000e0000000,0x00000000e0000000,0x00000000eaa80000)
  from space 13312K, 99% used [0x00000000eaa80000,0x00000000eb77b310,0x00000000eb780000)
  to   space 19456K, 0% used [0x00000000ee580000,0x00000000ee580000,0x00000000ef880000)
 ParOldGen       total 75264K, used 29753K [0x00000000a0000000, 0x00000000a4980000, 0x00000000e0000000)
  object space 75264K, 39% used [0x00000000a0000000,0x00000000a1d0e4f8,0x00000000a4980000)
 Metaspace       used 52755K, capacity 54850K, committed 55208K, reserved 1097728K
  class space    used 7025K, capacity 7495K, committed 7600K, reserved 1048576K
}
Event: 8.286 GC heap before
{Heap before GC invocations=14 (full 2):
 PSYoungGen      total 187904K, used 65229K [0x00000000e0000000, 0x00000000ef880000, 0x0000000100000000)
  eden space 174592K, 29% used [0x00000000e0000000,0x00000000e32b8120,0x00000000eaa80000)
  from space 13312K, 99% used [0x00000000eaa80000,0x00000000eb77b310,0x00000000eb780000)
  to   space 19456K, 0% used [0x00000000ee580000,0x00000000ee580000,0x00000000ef880000)
 ParOldGen       total 75264K, used 29753K [0x00000000a0000000, 0x00000000a4980000, 0x00000000e0000000)
  object space 75264K, 39% used [0x00000000a0000000,0x00000000a1d0e4f8,0x00000000a4980000)
 Metaspace       used 56851K, capacity 59066K, committed 59160K, reserved 1099776K
  class space    used 7699K, capacity 8162K, committed 8240K, reserved 1048576K
Event: 8.310 GC heap after
Heap after GC invocations=14 (full 2):
 PSYoungGen      total 236032K, used 6540K [0x00000000e0000000, 0x00000000f0080000, 0x0000000100000000)
  eden space 216576K, 0% used [0x00000000e0000000,0x00000000e0000000,0x00000000ed380000)
  from space 19456K, 33% used [0x00000000ee580000,0x00000000eebe3198,0x00000000ef880000)
  to   space 18432K, 0% used [0x00000000ed380000,0x00000000ed380000,0x00000000ee580000)
 ParOldGen       total 75264K, used 42934K [0x00000000a0000000, 0x00000000a4980000, 0x00000000e0000000)
  object space 75264K, 57% used [0x00000000a0000000,0x00000000a29ed9e8,0x00000000a4980000)
 Metaspace       used 56851K, capacity 59066K, committed 59160K, reserved 1099776K
  class space    used 7699K, capacity 8162K, committed 8240K, reserved 1048576K
}
Event: 8.310 GC heap before
{Heap before GC invocations=15 (full 3):
 PSYoungGen      total 236032K, used 6540K [0x00000000e0000000, 0x00000000f0080000, 0x0000000100000000)
  eden space 216576K, 0% used [0x00000000e0000000,0x00000000e0000000,0x00000000ed380000)
  from space 19456K, 33% used [0x00000000ee580000,0x00000000eebe3198,0x00000000ef880000)
  to   space 18432K, 0% used [0x00000000ed380000,0x00000000ed380000,0x00000000ee580000)
 ParOldGen       total 75264K, used 42934K [0x00000000a0000000, 0x00000000a4980000, 0x00000000e0000000)
  object space 75264K, 57% used [0x00000000a0000000,0x00000000a29ed9e8,0x00000000a4980000)
 Metaspace       used 56851K, capacity 59066K, committed 59160K, reserved 1099776K
  class space    used 7699K, capacity 8162K, committed 8240K, reserved 1048576K
Event: 8.600 GC heap after
Heap after GC invocations=15 (full 3):
 PSYoungGen      total 236032K, used 0K [0x00000000e0000000, 0x00000000f0080000, 0x0000000100000000)
  eden space 216576K, 0% used [0x00000000e0000000,0x00000000e0000000,0x00000000ed380000)
  from space 19456K, 0% used [0x00000000ee580000,0x00000000ee580000,0x00000000ef880000)
  to   space 18432K, 0% used [0x00000000ed380000,0x00000000ed380000,0x00000000ee580000)
 ParOldGen       total 119808K, used 34370K [0x00000000a0000000, 0x00000000a7500000, 0x00000000e0000000)
  object space 119808K, 28% used [0x00000000a0000000,0x00000000a2190920,0x00000000a7500000)
 Metaspace       used 56815K, capacity 58946K, committed 59160K, reserved 1099776K
  class space    used 7688K, capacity 8142K, committed 8240K, reserved 1048576K
}
Event: 12.039 GC heap before
{Heap before GC invocations=16 (full 3):
 PSYoungGen      total 236032K, used 216576K [0x00000000e0000000, 0x00000000f0080000, 0x0000000100000000)
  eden space 216576K, 100% used [0x00000000e0000000,0x00000000ed380000,0x00000000ed380000)
  from space 19456K, 0% used [0x00000000ee580000,0x00000000ee580000,0x00000000ef880000)
  to   space 18432K, 0% used [0x00000000ed380000,0x00000000ed380000,0x00000000ee580000)
 ParOldGen       total 119808K, used 34370K [0x00000000a0000000, 0x00000000a7500000, 0x00000000e0000000)
  object space 119808K, 28% used [0x00000000a0000000,0x00000000a2190920,0x00000000a7500000)
 Metaspace       used 67343K, capacity 70322K, committed 70552K, reserved 1110016K
  class space    used 9252K, capacity 9835K, committed 9904K, reserved 1048576K
Event: 12.061 GC heap after
Heap after GC invocations=16 (full 3):
 PSYoungGen      total 235008K, used 18414K [0x00000000e0000000, 0x00000000f2780000, 0x0000000100000000)
  eden space 216576K, 0% used [0x00000000e0000000,0x00000000e0000000,0x00000000ed380000)
  from space 18432K, 99% used [0x00000000ed380000,0x00000000ee57bad0,0x00000000ee580000)
  to   space 22016K, 0% used [0x00000000f1200000,0x00000000f1200000,0x00000000f2780000)
 ParOldGen       total 119808K, used 36847K [0x00000000a0000000, 0x00000000a7500000, 0x00000000e0000000)
  object space 119808K, 30% used [0x00000000a0000000,0x00000000a23fbfd8,0x00000000a7500000)
 Metaspace       used 67343K, capacity 70322K, committed 70552K, reserved 1110016K
  class space    used 9252K, capacity 9835K, committed 9904K, reserved 1048576K
}
Event: 14.838 GC heap before
{Heap before GC invocations=17 (full 3):
 PSYoungGen      total 235008K, used 234990K [0x00000000e0000000, 0x00000000f2780000, 0x0000000100000000)
  eden space 216576K, 100% used [0x00000000e0000000,0x00000000ed380000,0x00000000ed380000)
  from space 18432K, 99% used [0x00000000ed380000,0x00000000ee57bad0,0x00000000ee580000)
  to   space 22016K, 0% used [0x00000000f1200000,0x00000000f1200000,0x00000000f2780000)
 ParOldGen       total 119808K, used 36847K [0x00000000a0000000, 0x00000000a7500000, 0x00000000e0000000)
  object space 119808K, 30% used [0x00000000a0000000,0x00000000a23fbfd8,0x00000000a7500000)
 Metaspace       used 71025K, capacity 74174K, committed 74392K, reserved 1114112K
  class space    used 9675K, capacity 10305K, committed 10416K, reserved 1048576K
Event: 14.872 GC heap after
Heap after GC invocations=17 (full 3):
 PSYoungGen      total 276480K, used 14592K [0x00000000e0000000, 0x00000000f2600000, 0x0000000100000000)
  eden space 256000K, 0% used [0x00000000e0000000,0x00000000e0000000,0x00000000efa00000)
  from space 20480K, 71% used [0x00000000f1200000,0x00000000f20400b8,0x00000000f2600000)
  to   space 22528K, 0% used [0x00000000efa00000,0x00000000efa00000,0x00000000f1000000)
 ParOldGen       total 119808K, used 49533K [0x00000000a0000000, 0x00000000a7500000, 0x00000000e0000000)
  object space 119808K, 41% used [0x00000000a0000000,0x00000000a305f418,0x00000000a7500000)
 Metaspace       used 71025K, capacity 74174K, committed 74392K, reserved 1114112K
  class space    used 9675K, capacity 10305K, committed 10416K, reserved 1048576K
}

