# JRE version: OpenJDK Runtime Environment (8.0_242-b01) (build 1.8.0_242-release-1644-b01)
# Java VM: OpenJDK 64-Bit Server VM (25.242-b01 mixed mode windows-amd64 compressed oops)
Heap:
 PSYoungGen      total 232448K, used 196332K [0x00000000e0000000, 0x00000000f0f00000, 0x0000000100000000)
  eden space 202752K, 82% used [0x00000000e0000000,0x00000000ea2c1488,0x00000000ec600000)
  from space 29696K, 99% used [0x00000000ee880000,0x00000000f0579d60,0x00000000f0580000)
  to   space 35328K, 0% used [0x00000000ec600000,0x00000000ec600000,0x00000000ee880000)
 ParOldGen       total 122880K, used 47299K [0x00000000a0000000, 0x00000000a7800000, 0x00000000e0000000)
  object space 122880K, 38% used [0x00000000a0000000,0x00000000a2e30e20,0x00000000a7800000)
 Metaspace       used 87696K, capacity 91756K, committed 91928K, reserved 1128448K
  class space    used 11524K, capacity 12287K, committed 12336K, reserved 1048576K
GC Heap History (10 events):
Event: 20.025 GC heap before
{Heap before GC invocations=19 (full 3):
 PSYoungGen      total 164352K, used 160394K [0x00000000e0000000, 0x00000000ed200000, 0x0000000100000000)
  eden space 145408K, 100% used [0x00000000e0000000,0x00000000e8e00000,0x00000000e8e00000)
  from space 18944K, 79% used [0x00000000e8e00000,0x00000000e9ca29a0,0x00000000ea080000)
  to   space 19968K, 0% used [0x00000000ebe80000,0x00000000ebe80000,0x00000000ed200000)
 ParOldGen       total 122880K, used 32993K [0x00000000a0000000, 0x00000000a7800000, 0x00000000e0000000)
  object space 122880K, 26% used [0x00000000a0000000,0x00000000a20384f8,0x00000000a7800000)
 Metaspace       used 68170K, capacity 71448K, committed 71704K, reserved 1112064K
  class space    used 9341K, capacity 9998K, committed 10032K, reserved 1048576K
Event: 20.042 GC heap after
Heap after GC invocations=19 (full 3):
 PSYoungGen      total 190464K, used 19954K [0x00000000e0000000, 0x00000000ed900000, 0x0000000100000000)
  eden space 170496K, 0% used [0x00000000e0000000,0x00000000e0000000,0x00000000ea680000)
  from space 19968K, 99% used [0x00000000ebe80000,0x00000000ed1fcb38,0x00000000ed200000)
  to   space 24576K, 0% used [0x00000000ea680000,0x00000000ea680000,0x00000000ebe80000)
 ParOldGen       total 122880K, used 36490K [0x00000000a0000000, 0x00000000a7800000, 0x00000000e0000000)
  object space 122880K, 29% used [0x00000000a0000000,0x00000000a23a2b40,0x00000000a7800000)
 Metaspace       used 68170K, capacity 71448K, committed 71704K, reserved 1112064K
  class space    used 9341K, capacity 9998K, committed 10032K, reserved 1048576K
}
Event: 21.752 GC heap before
{Heap before GC invocations=20 (full 3):
 PSYoungGen      total 190464K, used 190450K [0x00000000e0000000, 0x00000000ed900000, 0x0000000100000000)
  eden space 170496K, 100% used [0x00000000e0000000,0x00000000ea680000,0x00000000ea680000)
  from space 19968K, 99% used [0x00000000ebe80000,0x00000000ed1fcb38,0x00000000ed200000)
  to   space 24576K, 0% used [0x00000000ea680000,0x00000000ea680000,0x00000000ebe80000)
 ParOldGen       total 122880K, used 36490K [0x00000000a0000000, 0x00000000a7800000, 0x00000000e0000000)
  object space 122880K, 29% used [0x00000000a0000000,0x00000000a23a2b40,0x00000000a7800000)
 Metaspace       used 71065K, capacity 74308K, committed 74520K, reserved 1114112K
  class space    used 9651K, capacity 10274K, committed 10288K, reserved 1048576K
Event: 21.768 GC heap after
Heap after GC invocations=20 (full 3):
 PSYoungGen      total 195072K, used 12842K [0x00000000e0000000, 0x00000000ee980000, 0x0000000100000000)
  eden space 170496K, 0% used [0x00000000e0000000,0x00000000e0000000,0x00000000ea680000)
  from space 24576K, 52% used [0x00000000ea680000,0x00000000eb30ab20,0x00000000ebe80000)
  to   space 24064K, 0% used [0x00000000ed200000,0x00000000ed200000,0x00000000ee980000)
 ParOldGen       total 122880K, used 44599K [0x00000000a0000000, 0x00000000a7800000, 0x00000000e0000000)
  object space 122880K, 36% used [0x00000000a0000000,0x00000000a2b8df20,0x00000000a7800000)
 Metaspace       used 71065K, capacity 74308K, committed 74520K, reserved 1114112K
  class space    used 9651K, capacity 10274K, committed 10288K, reserved 1048576K
}
Event: 23.163 GC heap before
{Heap before GC invocations=21 (full 3):
 PSYoungGen      total 195072K, used 183338K [0x00000000e0000000, 0x00000000ee980000, 0x0000000100000000)
  eden space 170496K, 100% used [0x00000000e0000000,0x00000000ea680000,0x00000000ea680000)
  from space 24576K, 52% used [0x00000000ea680000,0x00000000eb30ab20,0x00000000ebe80000)
  to   space 24064K, 0% used [0x00000000ed200000,0x00000000ed200000,0x00000000ee980000)
 ParOldGen       total 122880K, used 44599K [0x00000000a0000000, 0x00000000a7800000, 0x00000000e0000000)
  object space 122880K, 36% used [0x00000000a0000000,0x00000000a2b8df20,0x00000000a7800000)
 Metaspace       used 74048K, capacity 77528K, committed 77848K, reserved 1116160K
  class space    used 10031K, capacity 10684K, committed 10800K, reserved 1048576K
Event: 23.181 GC heap after
Heap after GC invocations=21 (full 3):
 PSYoungGen      total 212480K, used 20683K [0x00000000e0000000, 0x00000000eef00000, 0x0000000100000000)
  eden space 188416K, 0% used [0x00000000e0000000,0x00000000e0000000,0x00000000eb800000)
  from space 24064K, 85% used [0x00000000ed200000,0x00000000ee632c08,0x00000000ee980000)
  to   space 26624K, 0% used [0x00000000eb800000,0x00000000eb800000,0x00000000ed200000)
 ParOldGen       total 122880K, used 44607K [0x00000000a0000000, 0x00000000a7800000, 0x00000000e0000000)
  object space 122880K, 36% used [0x00000000a0000000,0x00000000a2b8ff20,0x00000000a7800000)
 Metaspace       used 74048K, capacity 77528K, committed 77848K, reserved 1116160K
  class space    used 10031K, capacity 10684K, committed 10800K, reserved 1048576K
}
Event: 27.023 GC heap before
{Heap before GC invocations=22 (full 3):
 PSYoungGen      total 212480K, used 209099K [0x00000000e0000000, 0x00000000eef00000, 0x0000000100000000)
  eden space 188416K, 100% used [0x00000000e0000000,0x00000000eb800000,0x00000000eb800000)
  from space 24064K, 85% used [0x00000000ed200000,0x00000000ee632c08,0x00000000ee980000)
  to   space 26624K, 0% used [0x00000000eb800000,0x00000000eb800000,0x00000000ed200000)
 ParOldGen       total 122880K, used 44607K [0x00000000a0000000, 0x00000000a7800000, 0x00000000e0000000)
  object space 122880K, 36% used [0x00000000a0000000,0x00000000a2b8ff20,0x00000000a7800000)
 Metaspace       used 75724K, capacity 79298K, committed 79512K, reserved 1118208K
  class space    used 10192K, capacity 10847K, committed 10928K, reserved 1048576K
Event: 27.036 GC heap after
Heap after GC invocations=22 (full 3):
 PSYoungGen      total 215040K, used 24128K [0x00000000e0000000, 0x00000000f0580000, 0x0000000100000000)
  eden space 188416K, 0% used [0x00000000e0000000,0x00000000e0000000,0x00000000eb800000)
  from space 26624K, 90% used [0x00000000eb800000,0x00000000ecf900d0,0x00000000ed200000)
  to   space 29696K, 0% used [0x00000000ee880000,0x00000000ee880000,0x00000000f0580000)
 ParOldGen       total 122880K, used 44615K [0x00000000a0000000, 0x00000000a7800000, 0x00000000e0000000)
  object space 122880K, 36% used [0x00000000a0000000,0x00000000a2b91f20,0x00000000a7800000)
 Metaspace       used 75724K, capacity 79298K, committed 79512K, reserved 1118208K
  class space    used 10192K, capacity 10847K, committed 10928K, reserved 1048576K
}
Event: 37.975 GC heap before
{Heap before GC invocations=23 (full 3):
 PSYoungGen      total 215040K, used 212544K [0x00000000e0000000, 0x00000000f0580000, 0x0000000100000000)
  eden space 188416K, 100% used [0x00000000e0000000,0x00000000eb800000,0x00000000eb800000)
  from space 26624K, 90% used [0x00000000eb800000,0x00000000ecf900d0,0x00000000ed200000)
  to   space 29696K, 0% used [0x00000000ee880000,0x00000000ee880000,0x00000000f0580000)
 ParOldGen       total 122880K, used 44615K [0x00000000a0000000, 0x00000000a7800000, 0x00000000e0000000)
  object space 122880K, 36% used [0x00000000a0000000,0x00000000a2b91f20,0x00000000a7800000)
 Metaspace       used 82001K, capacity 85798K, committed 85912K, reserved 1124352K
  class space    used 10867K, capacity 11605K, committed 11696K, reserved 1048576K
Event: 38.046 GC heap after
Heap after GC invocations=23 (full 3):
 PSYoungGen      total 232448K, used 29671K [0x00000000e0000000, 0x00000000f0f00000, 0x0000000100000000)
  eden space 202752K, 0% used [0x00000000e0000000,0x00000000e0000000,0x00000000ec600000)
  from space 29696K, 99% used [0x00000000ee880000,0x00000000f0579d60,0x00000000f0580000)
  to   space 35328K, 0% used [0x00000000ec600000,0x00000000ec600000,0x00000000ee880000)
 ParOldGen       total 122880K, used 47299K [0x00000000a0000000, 0x00000000a7800000, 0x00000000e0000000)
  object space 122880K, 38% used [0x00000000a0000000,0x00000000a2e30e20,0x00000000a7800000)
 Metaspace       used 82001K, capacity 85798K, committed 85912K, reserved 1124352K
  class space    used 10867K, capacity 11605K, committed 11696K, reserved 1048576K
}

